2025-02-25 16:13:29 INFO  [restartedMain] c.b.e.EmployeePayrollAppApplication - Starting EmployeePayrollAppApplication using Java 23.0.2 with PID 9336 (C:\Users\harsh\Desktop\CG-BRIDGELABZ JAVA FULL STACK PROGRAM\CG-BRIDGELAB (spring-employee-payroll-app)\EmployeePayrollApp\target\classes started by harsh in C:\Users\harsh\Desktop\CG-BRIDGELABZ JAVA FULL STACK PROGRAM\CG-BRIDGELAB (spring-employee-payroll-app)\EmployeePayrollApp)
2025-02-25 16:13:29 DEBUG [restartedMain] c.b.e.EmployeePayrollAppApplication - Running with Spring Boot v3.4.3, Spring v6.2.3
2025-02-25 16:13:29 INFO  [restartedMain] c.b.e.EmployeePayrollAppApplication - No active profile set, falling back to 1 default profile: "default"
2025-02-25 16:13:29 INFO  [restartedMain] o.s.b.d.e.DevToolsPropertyDefaultsPostProcessor - Devtools property defaults active! Set 'spring.devtools.add-properties' to 'false' to disable
2025-02-25 16:13:29 INFO  [restartedMain] o.s.b.d.e.DevToolsPropertyDefaultsPostProcessor - For additional web related logging consider setting the 'logging.level.web' property to 'DEBUG'
2025-02-25 16:13:31 INFO  [restartedMain] o.s.d.r.c.RepositoryConfigurationDelegate - Bootstrapping Spring Data JPA repositories in DEFAULT mode.
2025-02-25 16:13:31 INFO  [restartedMain] o.s.d.r.c.RepositoryConfigurationDelegate - Finished Spring Data repository scanning in 75 ms. Found 1 JPA repository interface.
2025-02-25 16:13:32 INFO  [restartedMain] o.s.b.w.e.tomcat.TomcatWebServer - Tomcat initialized with port 8080 (http)
2025-02-25 16:13:32 INFO  [restartedMain] o.a.catalina.core.StandardService - Starting service [Tomcat]
2025-02-25 16:13:32 INFO  [restartedMain] o.a.catalina.core.StandardEngine - Starting Servlet engine: [Apache Tomcat/10.1.36]
2025-02-25 16:13:32 INFO  [restartedMain] o.a.c.c.C.[Tomcat].[localhost].[/] - Initializing Spring embedded WebApplicationContext
2025-02-25 16:13:32 INFO  [restartedMain] o.s.b.w.s.c.ServletWebServerApplicationContext - Root WebApplicationContext: initialization completed in 2466 ms
2025-02-25 16:13:32 INFO  [restartedMain] o.h.jpa.internal.util.LogHelper - HHH000204: Processing PersistenceUnitInfo [name: default]
2025-02-25 16:13:32 INFO  [restartedMain] org.hibernate.Version - HHH000412: Hibernate ORM core version 6.6.8.Final
2025-02-25 16:13:32 INFO  [restartedMain] o.h.c.i.RegionFactoryInitiator - HHH000026: Second-level cache disabled
2025-02-25 16:13:33 INFO  [restartedMain] o.s.o.j.p.SpringPersistenceUnitInfo - No LoadTimeWeaver setup: ignoring JPA class transformer
2025-02-25 16:13:33 INFO  [restartedMain] com.zaxxer.hikari.HikariDataSource - HikariPool-1 - Starting...
2025-02-25 16:13:33 INFO  [restartedMain] com.zaxxer.hikari.pool.HikariPool - HikariPool-1 - Added connection com.mysql.cj.jdbc.ConnectionImpl@52b92e06
2025-02-25 16:13:33 INFO  [restartedMain] com.zaxxer.hikari.HikariDataSource - HikariPool-1 - Start completed.
2025-02-25 16:13:33 INFO  [restartedMain] o.hibernate.orm.connections.pooling - HHH10001005: Database info:
	Database JDBC URL [Connecting through datasource 'HikariDataSource (HikariPool-1)']
	Database driver: undefined/unknown
	Database version: 8.0.35
	Autocommit mode: undefined/unknown
	Isolation level: undefined/unknown
	Minimum pool size: undefined/unknown
	Maximum pool size: undefined/unknown
2025-02-25 16:13:34 INFO  [restartedMain] o.h.e.t.j.p.i.JtaPlatformInitiator - HHH000489: No JTA platform available (set 'hibernate.transaction.jta.platform' to enable JTA platform integration)
2025-02-25 16:13:34 INFO  [restartedMain] o.s.o.j.LocalContainerEntityManagerFactoryBean - Initialized JPA EntityManagerFactory for persistence unit 'default'
2025-02-25 16:13:35 WARN  [restartedMain] o.s.b.a.o.j.JpaBaseConfiguration$JpaWebConfiguration - spring.jpa.open-in-view is enabled by default. Therefore, database queries may be performed during view rendering. Explicitly configure spring.jpa.open-in-view to disable this warning
2025-02-25 16:13:35 WARN  [restartedMain] o.s.b.a.t.ThymeleafAutoConfiguration$DefaultTemplateResolverConfiguration - Cannot find template location: classpath:/templates/ (please add some templates, check your Thymeleaf configuration, or set spring.thymeleaf.check-template-location=false)
2025-02-25 16:13:35 INFO  [restartedMain] o.s.b.d.a.OptionalLiveReloadServer - LiveReload server is running on port 35729
2025-02-25 16:13:35 INFO  [restartedMain] o.s.b.w.e.tomcat.TomcatWebServer - Tomcat started on port 8080 (http) with context path '/'
2025-02-25 16:13:35 INFO  [restartedMain] c.b.e.EmployeePayrollAppApplication - Started EmployeePayrollAppApplication in 6.691 seconds (process running for 7.48)
2025-02-25 16:13:43 INFO  [http-nio-8080-exec-3] o.a.c.c.C.[Tomcat].[localhost].[/] - Initializing Spring DispatcherServlet 'dispatcherServlet'
2025-02-25 16:13:43 INFO  [http-nio-8080-exec-3] o.s.web.servlet.DispatcherServlet - Initializing Servlet 'dispatcherServlet'
2025-02-25 16:13:43 INFO  [http-nio-8080-exec-3] o.s.web.servlet.DispatcherServlet - Completed initialization in 1 ms
2025-02-25 16:13:43 INFO  [http-nio-8080-exec-3] c.b.e.controller.EmployeeController - App started at / route
2025-02-25 16:33:00 INFO  [SpringApplicationShutdownHook] o.s.b.w.e.tomcat.GracefulShutdown - Commencing graceful shutdown. Waiting for active requests to complete
2025-02-25 16:33:00 INFO  [tomcat-shutdown] o.s.b.w.e.tomcat.GracefulShutdown - Graceful shutdown complete
2025-02-25 16:33:00 INFO  [SpringApplicationShutdownHook] o.s.o.j.LocalContainerEntityManagerFactoryBean - Closing JPA EntityManagerFactory for persistence unit 'default'
2025-02-25 16:33:00 INFO  [SpringApplicationShutdownHook] com.zaxxer.hikari.HikariDataSource - HikariPool-1 - Shutdown initiated...
2025-02-25 16:33:00 INFO  [SpringApplicationShutdownHook] com.zaxxer.hikari.HikariDataSource - HikariPool-1 - Shutdown completed.
2025-02-25 16:33:08 INFO  [restartedMain] c.b.e.EmployeePayrollAppApplication - Starting EmployeePayrollAppApplication using Java 23.0.2 with PID 11700 (C:\Users\harsh\Desktop\CG-BRIDGELABZ JAVA FULL STACK PROGRAM\CG-BRIDGELAB (spring-employee-payroll-app)\EmployeePayrollApp\target\classes started by harsh in C:\Users\harsh\Desktop\CG-BRIDGELABZ JAVA FULL STACK PROGRAM\CG-BRIDGELAB (spring-employee-payroll-app)\EmployeePayrollApp)
2025-02-25 16:33:08 DEBUG [restartedMain] c.b.e.EmployeePayrollAppApplication - Running with Spring Boot v3.4.3, Spring v6.2.3
2025-02-25 16:33:08 INFO  [restartedMain] c.b.e.EmployeePayrollAppApplication - No active profile set, falling back to 1 default profile: "default"
2025-02-25 16:33:08 INFO  [restartedMain] o.s.b.d.e.DevToolsPropertyDefaultsPostProcessor - Devtools property defaults active! Set 'spring.devtools.add-properties' to 'false' to disable
2025-02-25 16:33:08 INFO  [restartedMain] o.s.b.d.e.DevToolsPropertyDefaultsPostProcessor - For additional web related logging consider setting the 'logging.level.web' property to 'DEBUG'
2025-02-25 16:33:10 INFO  [restartedMain] o.s.d.r.c.RepositoryConfigurationDelegate - Bootstrapping Spring Data JPA repositories in DEFAULT mode.
2025-02-25 16:33:10 INFO  [restartedMain] o.s.d.r.c.RepositoryConfigurationDelegate - Finished Spring Data repository scanning in 71 ms. Found 1 JPA repository interface.
2025-02-25 16:33:11 INFO  [restartedMain] o.s.b.w.e.tomcat.TomcatWebServer - Tomcat initialized with port 8080 (http)
2025-02-25 16:33:11 INFO  [restartedMain] o.a.catalina.core.StandardService - Starting service [Tomcat]
2025-02-25 16:33:11 INFO  [restartedMain] o.a.catalina.core.StandardEngine - Starting Servlet engine: [Apache Tomcat/10.1.36]
2025-02-25 16:33:11 INFO  [restartedMain] o.a.c.c.C.[Tomcat].[localhost].[/] - Initializing Spring embedded WebApplicationContext
2025-02-25 16:33:11 INFO  [restartedMain] o.s.b.w.s.c.ServletWebServerApplicationContext - Root WebApplicationContext: initialization completed in 3486 ms
2025-02-25 16:33:12 INFO  [restartedMain] o.h.jpa.internal.util.LogHelper - HHH000204: Processing PersistenceUnitInfo [name: default]
2025-02-25 16:33:12 INFO  [restartedMain] org.hibernate.Version - HHH000412: Hibernate ORM core version 6.6.8.Final
2025-02-25 16:33:12 INFO  [restartedMain] o.h.c.i.RegionFactoryInitiator - HHH000026: Second-level cache disabled
2025-02-25 16:33:13 INFO  [restartedMain] o.s.o.j.p.SpringPersistenceUnitInfo - No LoadTimeWeaver setup: ignoring JPA class transformer
2025-02-25 16:33:13 INFO  [restartedMain] com.zaxxer.hikari.HikariDataSource - HikariPool-1 - Starting...
2025-02-25 16:33:13 INFO  [restartedMain] com.zaxxer.hikari.pool.HikariPool - HikariPool-1 - Added connection com.mysql.cj.jdbc.ConnectionImpl@98092e4
2025-02-25 16:33:13 INFO  [restartedMain] com.zaxxer.hikari.HikariDataSource - HikariPool-1 - Start completed.
2025-02-25 16:33:14 INFO  [restartedMain] o.hibernate.orm.connections.pooling - HHH10001005: Database info:
	Database JDBC URL [Connecting through datasource 'HikariDataSource (HikariPool-1)']
	Database driver: undefined/unknown
	Database version: 8.0.35
	Autocommit mode: undefined/unknown
	Isolation level: undefined/unknown
	Minimum pool size: undefined/unknown
	Maximum pool size: undefined/unknown
2025-02-25 16:33:15 INFO  [restartedMain] o.h.e.t.j.p.i.JtaPlatformInitiator - HHH000489: No JTA platform available (set 'hibernate.transaction.jta.platform' to enable JTA platform integration)
2025-02-25 16:33:15 INFO  [restartedMain] o.s.o.j.LocalContainerEntityManagerFactoryBean - Initialized JPA EntityManagerFactory for persistence unit 'default'
2025-02-25 16:33:16 WARN  [restartedMain] o.s.b.a.o.j.JpaBaseConfiguration$JpaWebConfiguration - spring.jpa.open-in-view is enabled by default. Therefore, database queries may be performed during view rendering. Explicitly configure spring.jpa.open-in-view to disable this warning
2025-02-25 16:33:17 WARN  [restartedMain] o.s.b.a.t.ThymeleafAutoConfiguration$DefaultTemplateResolverConfiguration - Cannot find template location: classpath:/templates/ (please add some templates, check your Thymeleaf configuration, or set spring.thymeleaf.check-template-location=false)
2025-02-25 16:33:17 INFO  [restartedMain] o.s.b.d.a.OptionalLiveReloadServer - LiveReload server is running on port 35729
2025-02-25 16:33:17 INFO  [restartedMain] o.s.b.w.e.tomcat.TomcatWebServer - Tomcat started on port 8080 (http) with context path '/'
2025-02-25 16:33:17 INFO  [restartedMain] c.b.e.EmployeePayrollAppApplication - Started EmployeePayrollAppApplication in 10.091 seconds (process running for 10.897)
2025-02-25 16:33:25 INFO  [http-nio-8080-exec-2] o.a.c.c.C.[Tomcat].[localhost].[/] - Initializing Spring DispatcherServlet 'dispatcherServlet'
2025-02-25 16:33:25 INFO  [http-nio-8080-exec-2] o.s.web.servlet.DispatcherServlet - Initializing Servlet 'dispatcherServlet'
2025-02-25 16:33:25 INFO  [http-nio-8080-exec-2] o.s.web.servlet.DispatcherServlet - Completed initialization in 2 ms
2025-02-25 16:33:25 INFO  [http-nio-8080-exec-2] c.b.e.controller.EmployeeController - App started at / route
2025-02-25 16:33:35 INFO  [http-nio-8080-exec-3] c.b.e.controller.EmployeeController - Fetching all employees at /employee route
2025-02-25 16:33:35 DEBUG [http-nio-8080-exec-3] c.b.e.controller.EmployeeController - Total employees found:- 2
2025-02-25 16:35:47 INFO  [http-nio-8080-exec-7] c.b.e.controller.EmployeeController - Fetching the employee with ID:- 3
2025-02-25 16:35:47 INFO  [http-nio-8080-exec-7] c.b.e.controller.EmployeeController - Employee found with the ID:- 3
2025-02-25 16:36:10 INFO  [http-nio-8080-exec-8] c.b.e.controller.EmployeeController - Fetching all employees at /employee route
2025-02-25 16:36:10 DEBUG [http-nio-8080-exec-8] c.b.e.controller.EmployeeController - Total employees found:- 2
2025-02-25 16:36:19 INFO  [http-nio-8080-exec-9] c.b.e.controller.EmployeeController - Attempting to delete employee with ID:- 3
2025-02-25 16:36:20 INFO  [http-nio-8080-exec-9] c.b.e.controller.EmployeeController - Employee with ID 3 deleted successfully
2025-02-25 16:42:59 INFO  [SpringApplicationShutdownHook] o.s.b.w.e.tomcat.GracefulShutdown - Commencing graceful shutdown. Waiting for active requests to complete
2025-02-25 16:42:59 INFO  [tomcat-shutdown] o.s.b.w.e.tomcat.GracefulShutdown - Graceful shutdown complete
2025-02-25 16:42:59 INFO  [SpringApplicationShutdownHook] o.s.o.j.LocalContainerEntityManagerFactoryBean - Closing JPA EntityManagerFactory for persistence unit 'default'
2025-02-25 16:42:59 INFO  [SpringApplicationShutdownHook] com.zaxxer.hikari.HikariDataSource - HikariPool-1 - Shutdown initiated...
2025-02-25 16:42:59 INFO  [SpringApplicationShutdownHook] com.zaxxer.hikari.HikariDataSource - HikariPool-1 - Shutdown completed.
